
Run Time: 

cd /home/katayama/Documents/DeckDealer/deckdealer

Run Time: 2022-12-01 03:25:01

cd /home/katayama/Documents/DeckDealer/deckdealer

Run Time: 2022-12-01 03:30:01

cd /home/katayama/Documents/DeckDealer/deckdealer
git fetch
git pull
Updating f4a6fb3..1987057
Fast-forward
 index.html | 2 +-
 1 file changed, 1 insertion(+), 1 deletion(-)
git add -A
git commit -am git auto update
[bryce c13a166] git auto update
 30 files changed, 8289 insertions(+), 66202 deletions(-)
 create mode 100644 css/login-register-header.css
 create mode 100644 css/login-register.css
 delete mode 100644 logs/BarTender.log
 delete mode 100644 logs/BarTender.log.2022-10-18
 delete mode 100644 logs/BarTender.log.2022-10-19
 delete mode 100644 logs/DeckDealer.log.2022-10-28
 delete mode 100644 logs/DeckDealer.log.2022-10-29
 delete mode 100644 logs/DeckDealer.log.2022-10-30
 delete mode 100644 logs/DeckDealer.log.2022-11-01
 delete mode 100644 logs/DeckDealer.log.2022-11-02
 delete mode 100644 logs/DeckDealer.log.2022-11-03
 delete mode 100644 logs/DeckDealer.log.2022-11-04
 delete mode 100644 logs/DeckDealer.log.2022-11-06
 delete mode 100644 logs/DeckDealer.log.2022-11-08
 delete mode 100644 logs/DeckDealer.log.2022-11-09
 delete mode 100644 logs/DeckDealer.log.2022-11-10
 delete mode 100644 logs/DeckDealer.log.2022-11-11
 delete mode 100644 logs/DeckDealer.log.2022-11-12
 delete mode 100644 logs/DeckDealer.log.2022-11-13
 delete mode 100644 logs/DeckDealer.log.2022-11-15
 delete mode 100644 logs/DeckDealer.log.2022-11-16
 delete mode 100644 logs/DeckDealer.log.2022-11-18
 delete mode 100644 logs/DeckDealer.log.2022-11-21
 delete mode 100644 logs/DeckDealer.log.2022-11-22
 delete mode 100644 logs/DeckDealer.log.2022-11-23
 delete mode 100644 logs/DeckDealer.log.2022-11-24
 create mode 100644 logs/deckdealer.log
 create mode 100644 logs/git_auto.log
 create mode 100755 systemd/git_auto.zsh
git push
git push

Run Time: 2022-12-01 03:35:01

cd /home/katayama/Documents/DeckDealer/deckdealer
git fetch
git pull
Already up to date.
git add -A
git commit -am git auto update
